
==============================================
START : FUNC_BUILD_KERNEL
==============================================

build project=keur
build common config=msm8974_sec_defconfig 
build variant config=msm8974pro_sec_klte_eur_defconfig 
build secure option= 
build SEANDROID option= 
make: Entering directory `/home/zparallax/dev/amplitude-12.0'
  GEN     /home/zparallax/dev/okernel/Makefile
sound/soc/codecs/audience/Kconfig:40:warning: type of 'SND_SOC_ES_SLIM' redefined from 'boolean' to 'tristate'
sound/soc/codecs/audience/Kconfig:43:warning: type of 'SND_SOC_ES_I2C' redefined from 'boolean' to 'tristate'
sound/soc/codecs/audience/Kconfig:44:warning: choice value used outside its choice group
sound/soc/codecs/audience/Kconfig:41:warning: choice value used outside its choice group
arch/arm/configs/msm8974_sec_defconfig:574:warning: override: reassigning to symbol KEYS
arch/arm/configs/selinux_defconfig:1:warning: override: reassigning to symbol EXT2_FS_XATTR
arch/arm/configs/selinux_defconfig:13:warning: symbol value 'y' invalid for SECURITY_SELINUX_CHECKREQPROT_VALUE
arch/arm/configs/msm8974pro_sec_klte_eur_defconfig:5:warning: override: reassigning to symbol MSM_ADSPRPC
arch/arm/configs/msm8974pro_sec_klte_eur_defconfig:27:warning: override: reassigning to symbol CFG80211
arch/arm/configs/msm8974pro_sec_klte_eur_defconfig:45:warning: override: reassigning to symbol LCD_CLASS_DEVICE
arch/arm/configs/msm8974pro_sec_klte_eur_defconfig:46:warning: override: reassigning to symbol BACKLIGHT_LCD_SUPPORT
arch/arm/configs/msm8974pro_sec_klte_eur_defconfig:47:warning: override: reassigning to symbol BACKLIGHT_CLASS_DEVICE
arch/arm/configs/msm8974pro_sec_klte_eur_defconfig:82:warning: override: reassigning to symbol USB_DUN_SUPPORT
arch/arm/configs/msm8974pro_sec_klte_eur_defconfig:92:warning: override: reassigning to symbol MHL_VERSION
arch/arm/configs/msm8974pro_sec_klte_eur_defconfig:97:warning: override: reassigning to symbol SEC_PM
arch/arm/configs/msm8974pro_sec_klte_eur_defconfig:98:warning: override: reassigning to symbol SEC_PM_DEBUG
arch/arm/configs/msm8974pro_sec_klte_eur_defconfig:115:warning: override: reassigning to symbol SENSORS_ADSP
arch/arm/configs/msm8974pro_sec_klte_eur_defconfig:145:warning: override: reassigning to symbol BATTERY_SAMSUNG
arch/arm/configs/msm8974pro_sec_klte_eur_defconfig:146:warning: override: reassigning to symbol SAMSUNG_LPM_MODE
arch/arm/configs/msm8974pro_sec_klte_eur_defconfig:148:warning: override: reassigning to symbol BATTERY_BQ28400
arch/arm/configs/msm8974pro_sec_klte_eur_defconfig:154:warning: override: reassigning to symbol QPNP_CHARGER
arch/arm/configs/msm8974pro_sec_klte_eur_defconfig:155:warning: override: reassigning to symbol QPNP_BMS
arch/arm/configs/msm8974pro_sec_klte_eur_defconfig:161:warning: override: reassigning to symbol KS8851
arch/arm/configs/msm8974pro_sec_klte_eur_defconfig:179:warning: override: reassigning to symbol HID
arch/arm/configs/msm8974pro_sec_klte_eur_defconfig:208:warning: override: reassigning to symbol RCU_FAST_NO_HZ
arch/arm/configs/msm8974_sec_eng_defconfig:51:warning: override: reassigning to symbol SEC_RESTRICT_ROOTING
arch/arm/configs/msm8974_sec_eng_defconfig:52:warning: override: reassigning to symbol SEC_RESTRICT_SETUID
arch/arm/configs/msm8974_sec_eng_defconfig:53:warning: override: reassigning to symbol SEC_RESTRICT_FORK
arch/arm/configs/msm8974_sec_eng_defconfig:54:warning: override: reassigning to symbol SEC_RESTRICT_ROOTING_LOG
arch/arm/configs/msm8974_sec_eng_defconfig:66:warning: override: reassigning to symbol ENABLE_DEFAULT_TRACERS
arch/arm/configs/msm8974_sec_eng_defconfig:67:warning: override: reassigning to symbol SEC_NET_FILTER
arch/arm/configs/msm8974_sec_eng_defconfig:70:warning: override: reassigning to symbol DEVMEM
KCONFIG_SELINUX(arch/arm/configs/selinux_defconfig)
KCONFIG_LOG_SELINUX(arch/arm/configs/selinux_log_defconfig)
KCONFIG_TIMA((null))
KCONFIG_VARIANT(arch/arm/configs/msm8974pro_sec_klte_eur_defconfig)
KCONFIG_DEBUG(arch/arm/configs/msm8974_sec_eng_defconfig)
#
# configuration written to .config
#
make: Leaving directory `/home/zparallax/dev/amplitude-12.0'
make: Entering directory `/home/zparallax/dev/amplitude-12.0'
  GEN     /home/zparallax/dev/okernel/Makefile
scripts/kconfig/conf --silentoldconfig Kconfig
sound/soc/codecs/audience/Kconfig:40:warning: type of 'SND_SOC_ES_SLIM' redefined from 'boolean' to 'tristate'
sound/soc/codecs/audience/Kconfig:43:warning: type of 'SND_SOC_ES_I2C' redefined from 'boolean' to 'tristate'
sound/soc/codecs/audience/Kconfig:44:warning: choice value used outside its choice group
sound/soc/codecs/audience/Kconfig:41:warning: choice value used outside its choice group
  GEN     /home/zparallax/dev/okernel/Makefile
  CHK     include/linux/version.h
  CHK     include/generated/utsrelease.h
  Using /home/zparallax/dev/amplitude-12.0 as source for kernel
  DTC     arch/arm/boot/msm8974pro-ac-sec-kkor-r03.dtb
  DTC     arch/arm/boot/msm8974pro-ac-sec-kkor-r04.dtb
Warning (reg_format): "reg" property in /soc/i2c@f9967000/isa1200@48 has invalid length (4 bytes) (#address-cells == 2, #size-cells == 1)
Warning (avoid_default_addr_size): Relying on default #address-cells value for /soc/i2c@f9967000/isa1200@48
Warning (avoid_default_addr_size): Relying on default #size-cells value for /soc/i2c@f9967000/isa1200@48
Warning (reg_format): "reg" property in /soc/i2c@f9967000/isa1200@48 has invalid length (4 bytes) (#address-cells == 2, #size-cells == 1)
Warning (avoid_default_addr_size): Relying on default #address-cells value for /soc/i2c@f9967000/isa1200@48
Warning (avoid_default_addr_size): Relying on default #size-cells value for /soc/i2c@f9967000/isa1200@48
  DTC     arch/arm/boot/msm8974pro-ac-sec-kkor-r05.dtb
Warning (reg_format): "reg" property in /soc/i2c@f9967000/isa1200@48 has invalid length (4 bytes) (#address-cells == 2, #size-cells == 1)
Warning (avoid_default_addr_size): Relying on default #address-cells value for /soc/i2c@f9967000/isa1200@48
Warning (avoid_default_addr_size): Relying on default #size-cells value for /soc/i2c@f9967000/isa1200@48
  DTC     arch/arm/boot/msm8974pro-ac-sec-kkor-r06.dtb
Warning (reg_format): "reg" property in /soc/i2c@f9967000/isa1200@48 has invalid length (4 bytes) (#address-cells == 2, #size-cells == 1)
Warning (avoid_default_addr_size): Relying on default #address-cells value for /soc/i2c@f9967000/isa1200@48
Warning (avoid_default_addr_size): Relying on default #size-cells value for /soc/i2c@f9967000/isa1200@48
  DTC     arch/arm/boot/msm8974pro-ac-sec-kkor-r07.dtb
Warning (reg_format): "reg" property in /soc/i2c@f9967000/isa1200@48 has invalid length (4 bytes) (#address-cells == 2, #size-cells == 1)
Warning (avoid_default_addr_size): Relying on default #address-cells value for /soc/i2c@f9967000/isa1200@48
Warning (avoid_default_addr_size): Relying on default #size-cells value for /soc/i2c@f9967000/isa1200@48
  DTC     arch/arm/boot/msm8974pro-ac-sec-kkor-r08.dtb
Warning (reg_format): "reg" property in /soc/i2c@f9967000/isa1200@48 has invalid length (4 bytes) (#address-cells == 2, #size-cells == 1)
Warning (avoid_default_addr_size): Relying on default #address-cells value for /soc/i2c@f9967000/isa1200@48
Warning (avoid_default_addr_size): Relying on default #size-cells value for /soc/i2c@f9967000/isa1200@48
  DTC     arch/arm/boot/msm8974pro-ac-sec-kkor-r09.dtb
Warning (reg_format): "reg" property in /soc/i2c@f9967000/isa1200@48 has invalid length (4 bytes) (#address-cells == 2, #size-cells == 1)
Warning (avoid_default_addr_size): Relying on default #address-cells value for /soc/i2c@f9967000/isa1200@48
Warning (avoid_default_addr_size): Relying on default #size-cells value for /soc/i2c@f9967000/isa1200@48
  DTC     arch/arm/boot/msm8974pro-ac-sec-kkor-r13.dtb
Warning (reg_format): "reg" property in /soc/i2c@f9967000/isa1200@48 has invalid length (4 bytes) (#address-cells == 2, #size-cells == 1)
Warning (avoid_default_addr_size): Relying on default #address-cells value for /soc/i2c@f9967000/isa1200@48
Warning (avoid_default_addr_size): Relying on default #size-cells value for /soc/i2c@f9967000/isa1200@48
  DTC     arch/arm/boot/msm8974pro-ac-sec-kkor-r14.dtb
Warning (reg_format): "reg" property in /soc/i2c@f9967000/isa1200@48 has invalid length (4 bytes) (#address-cells == 2, #size-cells == 1)
Warning (avoid_default_addr_size): Relying on default #address-cells value for /soc/i2c@f9967000/isa1200@48
Warning (avoid_default_addr_size): Relying on default #size-cells value for /soc/i2c@f9967000/isa1200@48
make[2]: `include/generated/mach-types.h' is up to date.
  CALL    /home/zparallax/dev/amplitude-12.0/scripts/checksyscalls.sh
  CHK     include/generated/compile.h
  Kernel: arch/arm/boot/Image is ready
  LZO     arch/arm/boot/compressed/piggy.lzo
  AS      arch/arm/boot/compressed/piggy.lzo.o
  LD      arch/arm/boot/compressed/vmlinux
  OBJCOPY arch/arm/boot/zImage
/home/zparallax/dev/amplitude-12.0/scripts/mk_fipsbinary.sh arch/arm/boot/zImage
Make kernel fips binary..
Done.
  Kernel: arch/arm/boot/zImage is ready
  CAT     arch/arm/boot/zImage-dtb
  Kernel: arch/arm/boot/zImage-dtb is ready
make: Leaving directory `/home/zparallax/dev/amplitude-12.0'
rm files in : ../okernel/arch/arm/boot/*-zImage
rm files in : ../okernel/arch/arm/boot/*.dtb

dts : /home/zparallax/dev/amplitude-12.0/arch/arm/boot/dts/msm8974pro/msm8974pro-ac-sec-k-r03.dts
dtb : ../okernel/arch/arm/boot/msm8974pro-ac-sec-k-r03.dtb
out : ../okernel/arch/arm/boot/msm8974pro-ac-sec-k-r03-zImage

Warning (reg_format): "reg" property in /soc/i2c@f9967000/isa1200@48 has invalid length (4 bytes) (#address-cells == 2, #size-cells == 1)
Warning (avoid_default_addr_size): Relying on default #address-cells value for /soc/i2c@f9967000/isa1200@48
Warning (avoid_default_addr_size): Relying on default #size-cells value for /soc/i2c@f9967000/isa1200@48

dts : /home/zparallax/dev/amplitude-12.0/arch/arm/boot/dts/msm8974pro/msm8974pro-ac-sec-k-r04.dts
dtb : ../okernel/arch/arm/boot/msm8974pro-ac-sec-k-r04.dtb
out : ../okernel/arch/arm/boot/msm8974pro-ac-sec-k-r04-zImage

Warning (reg_format): "reg" property in /soc/i2c@f9967000/isa1200@48 has invalid length (4 bytes) (#address-cells == 2, #size-cells == 1)
Warning (avoid_default_addr_size): Relying on default #address-cells value for /soc/i2c@f9967000/isa1200@48
Warning (avoid_default_addr_size): Relying on default #size-cells value for /soc/i2c@f9967000/isa1200@48

dts : /home/zparallax/dev/amplitude-12.0/arch/arm/boot/dts/msm8974pro/msm8974pro-ac-sec-k-r05.dts
dtb : ../okernel/arch/arm/boot/msm8974pro-ac-sec-k-r05.dtb
out : ../okernel/arch/arm/boot/msm8974pro-ac-sec-k-r05-zImage

Warning (reg_format): "reg" property in /soc/i2c@f9967000/isa1200@48 has invalid length (4 bytes) (#address-cells == 2, #size-cells == 1)
Warning (avoid_default_addr_size): Relying on default #address-cells value for /soc/i2c@f9967000/isa1200@48
Warning (avoid_default_addr_size): Relying on default #size-cells value for /soc/i2c@f9967000/isa1200@48

dts : /home/zparallax/dev/amplitude-12.0/arch/arm/boot/dts/msm8974pro/msm8974pro-ac-sec-k-r06.dts
dtb : ../okernel/arch/arm/boot/msm8974pro-ac-sec-k-r06.dtb
out : ../okernel/arch/arm/boot/msm8974pro-ac-sec-k-r06-zImage

Warning (reg_format): "reg" property in /soc/i2c@f9967000/isa1200@48 has invalid length (4 bytes) (#address-cells == 2, #size-cells == 1)
Warning (avoid_default_addr_size): Relying on default #address-cells value for /soc/i2c@f9967000/isa1200@48
Warning (avoid_default_addr_size): Relying on default #size-cells value for /soc/i2c@f9967000/isa1200@48

dts : /home/zparallax/dev/amplitude-12.0/arch/arm/boot/dts/msm8974pro/msm8974pro-ac-sec-k-r07.dts
dtb : ../okernel/arch/arm/boot/msm8974pro-ac-sec-k-r07.dtb
out : ../okernel/arch/arm/boot/msm8974pro-ac-sec-k-r07-zImage

Warning (reg_format): "reg" property in /soc/i2c@f9967000/isa1200@48 has invalid length (4 bytes) (#address-cells == 2, #size-cells == 1)
Warning (avoid_default_addr_size): Relying on default #address-cells value for /soc/i2c@f9967000/isa1200@48
Warning (avoid_default_addr_size): Relying on default #size-cells value for /soc/i2c@f9967000/isa1200@48

dts : /home/zparallax/dev/amplitude-12.0/arch/arm/boot/dts/msm8974pro/msm8974pro-ac-sec-k-r08.dts
dtb : ../okernel/arch/arm/boot/msm8974pro-ac-sec-k-r08.dtb
out : ../okernel/arch/arm/boot/msm8974pro-ac-sec-k-r08-zImage

Warning (reg_format): "reg" property in /soc/i2c@f9967000/isa1200@48 has invalid length (4 bytes) (#address-cells == 2, #size-cells == 1)
Warning (avoid_default_addr_size): Relying on default #address-cells value for /soc/i2c@f9967000/isa1200@48
Warning (avoid_default_addr_size): Relying on default #size-cells value for /soc/i2c@f9967000/isa1200@48

dts : /home/zparallax/dev/amplitude-12.0/arch/arm/boot/dts/msm8974pro/msm8974pro-ac-sec-k-r14.dts
dtb : ../okernel/arch/arm/boot/msm8974pro-ac-sec-k-r14.dtb
out : ../okernel/arch/arm/boot/msm8974pro-ac-sec-k-r14-zImage

Warning (reg_format): "reg" property in /soc/i2c@f9967000/isa1200@48 has invalid length (4 bytes) (#address-cells == 2, #size-cells == 1)
Warning (avoid_default_addr_size): Relying on default #address-cells value for /soc/i2c@f9967000/isa1200@48
Warning (avoid_default_addr_size): Relying on default #size-cells value for /soc/i2c@f9967000/isa1200@48

=================================
START : FUNC_BUILD_DTIMAGE_TARGET
=================================

DT image target : ../okernel/dt.img
../kernel/tools/dtbTool -o ../okernel/dt.img -s 2048 		-p ../okernel/scripts/dtc/ ../okernel/arch/arm/boot/
DTB combiner:
  Input directory: '../okernel/arch/arm/boot/'
  Output file: '../okernel/dt.img'
Found file: msm8974pro-ac-sec-k-r07.dtb ...  Old Version:1
chipset: 3255369473, rev: 65536, platform: 7, subtype: 0
Found file: msm8974pro-ac-sec-k-r14.dtb ...  Old Version:1
chipset: 3255369473, rev: 65536, platform: 14, subtype: 0
Found file: msm8974pro-ac-sec-k-r05.dtb ...  Old Version:1
chipset: 3255369473, rev: 65536, platform: 5, subtype: 0
Found file: msm8974pro-ac-sec-k-r06.dtb ...  Old Version:1
chipset: 3255369473, rev: 65536, platform: 6, subtype: 0
Found file: msm8974pro-ac-sec-k-r04.dtb ...  Old Version:1
chipset: 3255369473, rev: 65536, platform: 4, subtype: 0
Found file: msm8974pro-ac-sec-k-r03.dtb ...  Old Version:1
chipset: 3255369473, rev: 65536, platform: 3, subtype: 0
Found file: msm8974pro-ac-sec-k-r08.dtb ...  Old Version:1
chipset: 3255369473, rev: 65536, platform: 8, subtype: 0
=> Found 7 unique DTB(s)

Generating master DTB... 
 (writing '../okernel/arch/arm/boot/msm8974pro-ac-sec-k-r03.dtb' - 237568 bytes) 
 (writing '../okernel/arch/arm/boot/msm8974pro-ac-sec-k-r04.dtb' - 243712 bytes) 
 (writing '../okernel/arch/arm/boot/msm8974pro-ac-sec-k-r05.dtb' - 243712 bytes) 
 (writing '../okernel/arch/arm/boot/msm8974pro-ac-sec-k-r06.dtb' - 243712 bytes) 
 (writing '../okernel/arch/arm/boot/msm8974pro-ac-sec-k-r07.dtb' - 243712 bytes) 
 (writing '../okernel/arch/arm/boot/msm8974pro-ac-sec-k-r08.dtb' - 243712 bytes) 
 (writing '../okernel/arch/arm/boot/msm8974pro-ac-sec-k-r14.dtb' - 243712 bytes) Total wrote 1701888 bytes
completed

=================================
END   : FUNC_BUILD_DTIMAGE_TARGET
=================================


=================================
END   : FUNC_BUILD_KERNEL
=================================


===================================
START : FUNC_MKBOOTIMG
===================================

Making boot.img ...
	../kernel/tools/mkbootimg --kernel ../okernel/arch/arm/boot/zImage 			--ramdisk ../okernel/ramdisk.gz 			--output ../okernel/boot.img 			--cmdline console=ttyHSL0,115200,n8 androidboot.hardware=qcom user_debug=31 msm_rtb.filter=0x37 ehci-hcd.park=3 			--base 0x00000000 			--pagesize 2048 			--ramdisk_offset 0x02000000 			--tags_offset 0x01E00000 			--dt ../okernel/dt.img

=================================================
-->Note, copy to ../../output/ directory
=================================================
rm: cannot remove ‘./amplitude_tw_klte_eur_NONCERT.zip’: No such file or directory
updating: META-INF/ (stored 0%)
updating: META-INF/com/ (stored 0%)
updating: META-INF/com/google/ (stored 0%)
updating: META-INF/com/google/android/ (stored 0%)
updating: META-INF/com/google/android/update-binary (deflated 36%)
updating: META-INF/com/google/android/updater-script (deflated 62%)
updating: boot.img (deflated 19%)
updating: system/ (stored 0%)

===================================
END   : FUNC_MKBOOTIMG
===================================

Total compile time is 20 seconds
